<?xml version="1.0" encoding="UTF-8"?>
<!-- Generated by org.testng.reporters.JUnitReportReporter -->
<testsuite skipped="0" hostname="Syeds-MacBook-Pro.local" name="com.crm.qa.TestCase.HomePageTest" tests="5" failures="0" timestamp="13 Jun 2018 19:18:29 GMT" time="91.085" errors="0">
  <testcase name="ClickOnTasksTest" time="19.374" classname="com.crm.qa.TestCase.HomePageTest"/>
  <testcase name="ClickOnDealsTest" time="22.914" classname="com.crm.qa.TestCase.HomePageTest"/>
  <testcase name="VerifyContactsTest" time="16.441" classname="com.crm.qa.TestCase.HomePageTest"/>
  <testcase name="ClickOnContactsTest" time="20.888" classname="com.crm.qa.TestCase.HomePageTest"/>
  <testcase name="verifyUserNameTest" time="11.468" classname="com.crm.qa.TestCase.HomePageTest"/>
</testsuite> <!-- com.crm.qa.TestCase.HomePageTest -->
