<?xml version="1.0" encoding="UTF-8"?>
<!-- Generated by org.testng.reporters.JUnitReportReporter -->
<testsuite skipped="0" hostname="Syeds-MacBook-Pro.local" name="com.crm.qa.TestCase.ContactsPageTest" tests="1" failures="0" timestamp="13 Jun 2018 04:26:05 GMT" time="10.910" errors="0">
  <testcase name="setUp" time="10.910" classname="com.crm.qa.TestCase.ContactsPageTest"/>
</testsuite> <!-- com.crm.qa.TestCase.ContactsPageTest -->
