<?xml version="1.0" encoding="UTF-8"?>
<!-- Generated by org.testng.reporters.JUnitReportReporter -->
<testsuite skipped="1" hostname="Syeds-MacBook-Pro.local" name="com.crm.qa.pages.ContactsPage" tests="1" failures="0" timestamp="13 Jun 2018 03:29:13 GMT" time="0.000" errors="0">
  <testcase name="createNewContact2" time="0.000" classname="com.crm.qa.pages.ContactsPage">
    <skipped/>
  </testcase> <!-- createNewContact2 -->
</testsuite> <!-- com.crm.qa.pages.ContactsPage -->
